2023-08-23 22:02:07.304  INFO 16239 --- [main] com.btk.ProductServiceApplication        : Starting ProductServiceApplication using Java 17.0.7 on Berke-Air.home with PID 16239 (/Users/berkekazanci/Desktop/Bilgeadam_Java_Projects/Btk-Ecommerce/product-service/build/classes/java/main started by berkekazanci in /Users/berkekazanci/Desktop/Bilgeadam_Java_Projects/Btk-Ecommerce)
2023-08-23 22:02:07.334  INFO 16239 --- [main] com.btk.ProductServiceApplication        : No active profile set, falling back to 1 default profile: "default"
2023-08-23 22:02:08.137  INFO 16239 --- [main] .s.d.r.c.RepositoryConfigurationDelegate : Bootstrapping Spring Data MongoDB repositories in DEFAULT mode.
2023-08-23 22:02:08.169  INFO 16239 --- [main] .s.d.r.c.RepositoryConfigurationDelegate : Finished Spring Data repository scanning in 30 ms. Found 3 MongoDB repository interfaces.
2023-08-23 22:02:08.235  INFO 16239 --- [main] o.s.cloud.context.scope.GenericScope     : BeanFactory id=963f2e47-e988-3b22-8aec-24d862ba4f74
2023-08-23 22:02:08.671  INFO 16239 --- [main] o.s.b.w.embedded.tomcat.TomcatWebServer  : Tomcat initialized with port(s): 9092 (http)
2023-08-23 22:02:08.681  INFO 16239 --- [main] o.apache.catalina.core.StandardService   : Starting service [Tomcat]
2023-08-23 22:02:08.681  INFO 16239 --- [main] org.apache.catalina.core.StandardEngine  : Starting Servlet engine: [Apache Tomcat/9.0.71]
2023-08-23 22:02:08.765  INFO 16239 --- [main] o.a.c.c.C.[Tomcat].[localhost].[/]       : Initializing Spring embedded WebApplicationContext
2023-08-23 22:02:08.765  INFO 16239 --- [main] w.s.c.ServletWebServerApplicationContext : Root WebApplicationContext: initialization completed in 1357 ms
2023-08-23 22:02:08.953  INFO 16239 --- [main] org.mongodb.driver.client                : MongoClient with metadata {"driver": {"name": "mongo-java-driver|sync|spring-boot", "version": "4.6.1"}, "os": {"type": "Darwin", "name": "Mac OS X", "architecture": "aarch64", "version": "13.4.1"}, "platform": "Java/Amazon.com Inc./17.0.7+7-LTS"} created with settings MongoClientSettings{readPreference=primary, writeConcern=WriteConcern{w=null, wTimeout=null ms, journal=null}, retryWrites=true, retryReads=true, readConcern=ReadConcern{level=null}, credential=MongoCredential{mechanism=null, userName='Java', source='e-commerce', password=<hidden>, mechanismProperties=<hidden>}, streamFactoryFactory=null, commandListeners=[], codecRegistry=ProvidersCodecRegistry{codecProviders=[ValueCodecProvider{}, BsonValueCodecProvider{}, DBRefCodecProvider{}, DBObjectCodecProvider{}, DocumentCodecProvider{}, IterableCodecProvider{}, MapCodecProvider{}, GeoJsonCodecProvider{}, GridFSFileCodecProvider{}, Jsr310CodecProvider{}, JsonObjectCodecProvider{}, BsonCodecProvider{}, EnumCodecProvider{}, com.mongodb.Jep395RecordCodecProvider@51cab489]}, clusterSettings={hosts=[localhost:27017], srvServiceName=mongodb, mode=SINGLE, requiredClusterType=UNKNOWN, requiredReplicaSetName='null', serverSelector='null', clusterListeners='[]', serverSelectionTimeout='30000 ms', localThreshold='30000 ms'}, socketSettings=SocketSettings{connectTimeoutMS=10000, readTimeoutMS=0, receiveBufferSize=0, sendBufferSize=0}, heartbeatSocketSettings=SocketSettings{connectTimeoutMS=10000, readTimeoutMS=10000, receiveBufferSize=0, sendBufferSize=0}, connectionPoolSettings=ConnectionPoolSettings{maxSize=100, minSize=0, maxWaitTimeMS=120000, maxConnectionLifeTimeMS=0, maxConnectionIdleTimeMS=0, maintenanceInitialDelayMS=0, maintenanceFrequencyMS=60000, connectionPoolListeners=[], maxConnecting=2}, serverSettings=ServerSettings{heartbeatFrequencyMS=10000, minHeartbeatFrequencyMS=500, serverListeners='[]', serverMonitorListeners='[]'}, sslSettings=SslSettings{enabled=false, invalidHostNameAllowed=false, context=null}, applicationName='null', compressorList=[], uuidRepresentation=JAVA_LEGACY, serverApi=null, autoEncryptionSettings=null, contextProvider=null}
2023-08-23 22:02:08.985  INFO 16239 --- [cluster-ClusterId{value='64e657b05dfd24648d2cd469', description='null'}-localhost:27017] org.mongodb.driver.connection            : Opened connection [connectionId{localValue:1, serverValue:25}] to localhost:27017
2023-08-23 22:02:08.985  INFO 16239 --- [cluster-rtt-ClusterId{value='64e657b05dfd24648d2cd469', description='null'}-localhost:27017] org.mongodb.driver.connection            : Opened connection [connectionId{localValue:2, serverValue:24}] to localhost:27017
2023-08-23 22:02:08.986  INFO 16239 --- [cluster-ClusterId{value='64e657b05dfd24648d2cd469', description='null'}-localhost:27017] org.mongodb.driver.cluster               : Monitor thread successfully connected to server with description ServerDescription{address=localhost:27017, type=STANDALONE, state=CONNECTED, ok=true, minWireVersion=0, maxWireVersion=17, maxDocumentSize=16777216, logicalSessionTimeoutMinutes=30, roundTripTimeNanos=38998166}
2023-08-23 22:02:11.240  INFO 16239 --- [main] o.s.b.w.embedded.tomcat.TomcatWebServer  : Tomcat started on port(s): 9092 (http) with context path ''
2023-08-23 22:02:11.255  INFO 16239 --- [main] com.btk.ProductServiceApplication        : Started ProductServiceApplication in 4.619 seconds (JVM running for 5.196)
2023-08-23 22:02:36.028  INFO 16239 --- [http-nio-9092-exec-1] o.a.c.c.C.[Tomcat].[localhost].[/]       : Initializing Spring DispatcherServlet 'dispatcherServlet'
2023-08-23 22:02:36.028  INFO 16239 --- [http-nio-9092-exec-1] o.s.web.servlet.DispatcherServlet        : Initializing Servlet 'dispatcherServlet'
2023-08-23 22:02:36.032  INFO 16239 --- [http-nio-9092-exec-1] o.s.web.servlet.DispatcherServlet        : Completed initialization in 4 ms
2023-08-23 22:02:36.396  INFO 16239 --- [http-nio-9092-exec-4] o.springdoc.api.AbstractOpenApiResource  : Init duration for springdoc-openapi is: 128 ms
2023-08-23 22:21:01.589  INFO 16239 --- [http-nio-9092-exec-7] com.btk.config.LoggingAspect             : Entering method: ProductService.getPriceByProductId(..) with arguments: [64e4949b86bd47695011a7a0]
2023-08-23 22:21:01.712  INFO 16239 --- [http-nio-9092-exec-7] org.mongodb.driver.connection            : Opened connection [connectionId{localValue:3, serverValue:50}] to localhost:27017
2023-08-23 22:21:01.736  INFO 16239 --- [http-nio-9092-exec-7] com.btk.config.LoggingAspect             : Running Method: ProductService.getPriceByProductId(..), returned: 60000.0
2023-08-23 22:21:01.736  INFO 16239 --- [http-nio-9092-exec-7] com.btk.config.LoggingAspect             : Exiting method: ProductService.getPriceByProductId(..) with arguments: [64e4949b86bd47695011a7a0]
2023-08-23 22:21:01.750  INFO 16239 --- [http-nio-9092-exec-8] com.btk.config.LoggingAspect             : Entering method: ProductService.getPriceByProductId(..) with arguments: [64e542016de1a42ffef05700]
2023-08-23 22:21:01.753  INFO 16239 --- [http-nio-9092-exec-8] com.btk.config.LoggingAspect             : Running Method: ProductService.getPriceByProductId(..), returned: 14000.0
2023-08-23 22:21:01.754  INFO 16239 --- [http-nio-9092-exec-8] com.btk.config.LoggingAspect             : Exiting method: ProductService.getPriceByProductId(..) with arguments: [64e542016de1a42ffef05700]
2023-08-23 22:23:53.843  INFO 16239 --- [http-nio-9092-exec-10] com.btk.config.LoggingAspect             : Entering method: ProductService.getPriceByProductId(..) with arguments: [64e4949b86bd47695011a7a0]
2023-08-23 22:23:53.853  INFO 16239 --- [http-nio-9092-exec-10] com.btk.config.LoggingAspect             : Running Method: ProductService.getPriceByProductId(..), returned: 60000.0
2023-08-23 22:23:53.853  INFO 16239 --- [http-nio-9092-exec-10] com.btk.config.LoggingAspect             : Exiting method: ProductService.getPriceByProductId(..) with arguments: [64e4949b86bd47695011a7a0]
2023-08-23 22:23:53.858  INFO 16239 --- [http-nio-9092-exec-1] com.btk.config.LoggingAspect             : Entering method: ProductService.getPriceByProductId(..) with arguments: [64e542016de1a42ffef05700]
2023-08-23 22:23:53.862  INFO 16239 --- [http-nio-9092-exec-1] com.btk.config.LoggingAspect             : Running Method: ProductService.getPriceByProductId(..), returned: 14000.0
2023-08-23 22:23:53.862  INFO 16239 --- [http-nio-9092-exec-1] com.btk.config.LoggingAspect             : Exiting method: ProductService.getPriceByProductId(..) with arguments: [64e542016de1a42ffef05700]
2023-08-23 22:37:14.674  INFO 16239 --- [http-nio-9092-exec-3] com.btk.config.LoggingAspect             : Entering method: ProductService.getPriceByProductId(..) with arguments: [64e494de86bd47695011a7a1]
2023-08-23 22:37:14.698  INFO 16239 --- [http-nio-9092-exec-3] com.btk.config.LoggingAspect             : Running Method: ProductService.getPriceByProductId(..), returned: 30.0
2023-08-23 22:37:14.698  INFO 16239 --- [http-nio-9092-exec-3] com.btk.config.LoggingAspect             : Exiting method: ProductService.getPriceByProductId(..) with arguments: [64e494de86bd47695011a7a1]
2023-08-23 22:37:14.704  INFO 16239 --- [http-nio-9092-exec-4] com.btk.config.LoggingAspect             : Entering method: ProductService.getPriceByProductId(..) with arguments: [64e542016de1a42ffef05700]
2023-08-23 22:37:14.706  INFO 16239 --- [http-nio-9092-exec-4] com.btk.config.LoggingAspect             : Running Method: ProductService.getPriceByProductId(..), returned: 14000.0
2023-08-23 22:37:14.707  INFO 16239 --- [http-nio-9092-exec-4] com.btk.config.LoggingAspect             : Exiting method: ProductService.getPriceByProductId(..) with arguments: [64e542016de1a42ffef05700]
2023-08-23 22:37:14.708  INFO 16239 --- [http-nio-9092-exec-6] com.btk.config.LoggingAspect             : Entering method: ProductService.getPriceByProductId(..) with arguments: [64e542b66de1a42ffef05703]
2023-08-23 22:37:14.710  INFO 16239 --- [http-nio-9092-exec-6] com.btk.config.LoggingAspect             : Running Method: ProductService.getPriceByProductId(..), returned: 500.0
2023-08-23 22:37:14.710  INFO 16239 --- [http-nio-9092-exec-6] com.btk.config.LoggingAspect             : Exiting method: ProductService.getPriceByProductId(..) with arguments: [64e542b66de1a42ffef05703]
2023-08-23 22:40:07.021  INFO 16239 --- [http-nio-9092-exec-7] com.btk.config.LoggingAspect             : Entering method: ProductService.getPriceByProductId(..) with arguments: [64e494de86bd47695011a7a1]
2023-08-23 22:40:07.029  INFO 16239 --- [http-nio-9092-exec-7] com.btk.config.LoggingAspect             : Running Method: ProductService.getPriceByProductId(..), returned: 30.0
2023-08-23 22:40:07.029  INFO 16239 --- [http-nio-9092-exec-7] com.btk.config.LoggingAspect             : Exiting method: ProductService.getPriceByProductId(..) with arguments: [64e494de86bd47695011a7a1]
2023-08-23 22:40:07.038  INFO 16239 --- [http-nio-9092-exec-8] com.btk.config.LoggingAspect             : Entering method: ProductService.getPriceByProductId(..) with arguments: [64e542016de1a42ffef05700]
2023-08-23 22:40:07.040  INFO 16239 --- [http-nio-9092-exec-8] com.btk.config.LoggingAspect             : Running Method: ProductService.getPriceByProductId(..), returned: 14000.0
2023-08-23 22:40:07.040  INFO 16239 --- [http-nio-9092-exec-8] com.btk.config.LoggingAspect             : Exiting method: ProductService.getPriceByProductId(..) with arguments: [64e542016de1a42ffef05700]
2023-08-23 22:40:07.042  INFO 16239 --- [http-nio-9092-exec-9] com.btk.config.LoggingAspect             : Entering method: ProductService.getPriceByProductId(..) with arguments: [64e542b66de1a42ffef05703]
2023-08-23 22:40:07.044  INFO 16239 --- [http-nio-9092-exec-9] com.btk.config.LoggingAspect             : Running Method: ProductService.getPriceByProductId(..), returned: 500.0
2023-08-23 22:40:07.044  INFO 16239 --- [http-nio-9092-exec-9] com.btk.config.LoggingAspect             : Exiting method: ProductService.getPriceByProductId(..) with arguments: [64e542b66de1a42ffef05703]
2023-08-23 22:42:56.460  INFO 16239 --- [http-nio-9092-exec-1] com.btk.config.LoggingAspect             : Entering method: ProductService.getPriceByProductId(..) with arguments: [64e494de86bd47695011a7a1]
2023-08-23 22:42:56.467  INFO 16239 --- [http-nio-9092-exec-1] com.btk.config.LoggingAspect             : Running Method: ProductService.getPriceByProductId(..), returned: 30.0
2023-08-23 22:42:56.467  INFO 16239 --- [http-nio-9092-exec-1] com.btk.config.LoggingAspect             : Exiting method: ProductService.getPriceByProductId(..) with arguments: [64e494de86bd47695011a7a1]
2023-08-23 22:42:56.474  INFO 16239 --- [http-nio-9092-exec-2] com.btk.config.LoggingAspect             : Entering method: ProductService.getPriceByProductId(..) with arguments: [64e542016de1a42ffef05700]
2023-08-23 22:42:56.477  INFO 16239 --- [http-nio-9092-exec-2] com.btk.config.LoggingAspect             : Running Method: ProductService.getPriceByProductId(..), returned: 14000.0
2023-08-23 22:42:56.477  INFO 16239 --- [http-nio-9092-exec-2] com.btk.config.LoggingAspect             : Exiting method: ProductService.getPriceByProductId(..) with arguments: [64e542016de1a42ffef05700]
2023-08-23 22:42:56.478  INFO 16239 --- [http-nio-9092-exec-3] com.btk.config.LoggingAspect             : Entering method: ProductService.getPriceByProductId(..) with arguments: [64e542b66de1a42ffef05703]
2023-08-23 22:42:56.480  INFO 16239 --- [http-nio-9092-exec-3] com.btk.config.LoggingAspect             : Running Method: ProductService.getPriceByProductId(..), returned: 500.0
2023-08-23 22:42:56.480  INFO 16239 --- [http-nio-9092-exec-3] com.btk.config.LoggingAspect             : Exiting method: ProductService.getPriceByProductId(..) with arguments: [64e542b66de1a42ffef05703]
2023-08-23 22:45:49.066  INFO 16239 --- [http-nio-9092-exec-6] com.btk.config.LoggingAspect             : Entering method: ProductService.getPriceByProductId(..) with arguments: [64e494de86bd47695011a7a1]
2023-08-23 22:45:49.076  INFO 16239 --- [http-nio-9092-exec-6] com.btk.config.LoggingAspect             : Running Method: ProductService.getPriceByProductId(..), returned: 30.0
2023-08-23 22:45:49.076  INFO 16239 --- [http-nio-9092-exec-6] com.btk.config.LoggingAspect             : Exiting method: ProductService.getPriceByProductId(..) with arguments: [64e494de86bd47695011a7a1]
2023-08-23 22:45:49.088  INFO 16239 --- [http-nio-9092-exec-5] com.btk.config.LoggingAspect             : Entering method: ProductService.getPriceByProductId(..) with arguments: [64e542016de1a42ffef05700]
2023-08-23 22:45:49.091  INFO 16239 --- [http-nio-9092-exec-5] com.btk.config.LoggingAspect             : Running Method: ProductService.getPriceByProductId(..), returned: 14000.0
2023-08-23 22:45:49.092  INFO 16239 --- [http-nio-9092-exec-5] com.btk.config.LoggingAspect             : Exiting method: ProductService.getPriceByProductId(..) with arguments: [64e542016de1a42ffef05700]
2023-08-23 22:45:49.095  INFO 16239 --- [http-nio-9092-exec-7] com.btk.config.LoggingAspect             : Entering method: ProductService.getPriceByProductId(..) with arguments: [64e542b66de1a42ffef05703]
2023-08-23 22:45:49.098  INFO 16239 --- [http-nio-9092-exec-7] com.btk.config.LoggingAspect             : Running Method: ProductService.getPriceByProductId(..), returned: 500.0
2023-08-23 22:45:49.098  INFO 16239 --- [http-nio-9092-exec-7] com.btk.config.LoggingAspect             : Exiting method: ProductService.getPriceByProductId(..) with arguments: [64e542b66de1a42ffef05703]
